Application/app/build/intermediates/manifest_merge_blame_file/debug/manifest-merger-blame-debug-report.txt
1<?xml version="1.0" encoding="utf-8"?>
2<manifest xmlns:android="http://schemas.android.com/apk/res/android"
3    package="com.example.animaux"
4    android:versionCode="1"
5    android:versionName="1.0" >
6
7    <uses-sdk
8        android:minSdkVersion="21"
8-->src\main\AndroidManifest.xml
9        android:targetSdkVersion="29" />
9-->src\main\AndroidManifest.xml
10
11    <uses-feature android:name="android.hardware.camera" />
11-->src\main\AndroidManifest.xml:5:5-59
11-->src\main\AndroidManifest.xml:5:19-57
12
13    <uses-permission android:name="android.permission.INTERNET" />
13-->src\main\AndroidManifest.xml:6:5-66
13-->src\main\AndroidManifest.xml:6:22-64
14    <uses-permission android:name="android.permission.ACCESS_NETWORK_STATE" />
14-->src\main\AndroidManifest.xml:7:5-78
14-->src\main\AndroidManifest.xml:7:22-76
15    <uses-permission android:name="android.permission.CAMERA" />
15-->src\main\AndroidManifest.xml:8:5-64
15-->src\main\AndroidManifest.xml:8:22-62
16    <uses-permission android:name="android.permission.READ_EXTERNAL_STORAGE" />
16-->src\main\AndroidManifest.xml:9:5-79
16-->src\main\AndroidManifest.xml:9:22-77
17    <uses-permission android:name="android.permission.WRITE_EXTERNAL_STORAGE" />
17-->src\main\AndroidManifest.xml:10:5-80
17-->src\main\AndroidManifest.xml:10:22-78
18
19    <application
19-->src\main\AndroidManifest.xml:12:5-70:19
20        android:allowBackup="true"
20-->src\main\AndroidManifest.xml:13:9-35
21        android:appComponentFactory="androidx.core.app.CoreComponentFactory"
21-->[androidx.core:core:1.3.1] AndroidManifest.xml:24:18-86
22        android:debuggable="true"
23        android:icon="@mipmap/ic_launcher"
23-->src\main\AndroidManifest.xml:14:9-43
24        android:label="@string/app_name"
24-->src\main\AndroidManifest.xml:15:9-41
25        android:networkSecurityConfig="@xml/network_security_config"
25-->src\main\AndroidManifest.xml:20:9-69
26        android:roundIcon="@mipmap/ic_launcher_round"
26-->src\main\AndroidManifest.xml:16:9-54
27        android:supportsRtl="true"
27-->src\main\AndroidManifest.xml:17:9-35
28        android:testOnly="true"
29        android:theme="@style/AppTheme"
29-->src\main\AndroidManifest.xml:18:9-40
30        android:usesCleartextTraffic="true" >
30-->src\main\AndroidManifest.xml:19:9-44
31        <activity
31-->src\main\AndroidManifest.xml:22:5-25:47
32            android:name="com.example.animaux.mainmenu"
32-->src\main\AndroidManifest.xml:23:9-33
33            android:exported="true"
33-->src\main\AndroidManifest.xml:24:9-32
34            android:screenOrientation="portrait" />
34-->src\main\AndroidManifest.xml:25:9-45
35        <activity
35-->src\main\AndroidManifest.xml:27:9-29:51
36            android:name="com.example.animaux.signup"
36-->src\main\AndroidManifest.xml:27:19-41
37            android:exported="true"
37-->src\main\AndroidManifest.xml:28:13-36
38            android:screenOrientation="portrait" />
38-->src\main\AndroidManifest.xml:29:13-49
39        <activity
39-->src\main\AndroidManifest.xml:31:9-39:20
40            android:name="com.example.animaux.splash"
40-->src\main\AndroidManifest.xml:31:19-41
41            android:exported="true"
41-->src\main\AndroidManifest.xml:32:13-36
42            android:screenOrientation="portrait" >
42-->src\main\AndroidManifest.xml:33:13-49
43            <intent-filter>
43-->src\main\AndroidManifest.xml:34:9-38:25
44                <action android:name="android.intent.action.VIEW" />
44-->src\main\AndroidManifest.xml:35:13-65
44-->src\main\AndroidManifest.xml:35:21-62
45                <action android:name="android.intent.action.MAIN" />
45-->src\main\AndroidManifest.xml:36:13-65
45-->src\main\AndroidManifest.xml:36:21-62
46
47                <category android:name="android.intent.category.LAUNCHER" />
47-->src\main\AndroidManifest.xml:37:13-73
47-->src\main\AndroidManifest.xml:37:23-70
48            </intent-filter>
49        </activity>
50        <activity
50-->src\main\AndroidManifest.xml:41:9-43:51
51            android:name="com.example.animaux.signin"
51-->src\main\AndroidManifest.xml:41:19-41
52            android:exported="true"
52-->src\main\AndroidManifest.xml:42:13-36
53            android:screenOrientation="portrait" />
53-->src\main\AndroidManifest.xml:43:13-49
54        <activity
54-->src\main\AndroidManifest.xml:44:9-46:51
55            android:name="com.example.animaux.settings"
55-->src\main\AndroidManifest.xml:44:19-43
56            android:exported="true"
56-->src\main\AndroidManifest.xml:45:13-36
57            android:screenOrientation="portrait" />
57-->src\main\AndroidManifest.xml:46:13-49
58        <activity
58-->src\main\AndroidManifest.xml:47:9-49:51
59            android:name="com.example.animaux.natural_selection"
59-->src\main\AndroidManifest.xml:47:19-52
60            android:exported="true"
60-->src\main\AndroidManifest.xml:48:13-36
61            android:screenOrientation="portrait" />
61-->src\main\AndroidManifest.xml:49:13-49
62        <activity
62-->src\main\AndroidManifest.xml:50:9-52:51
63            android:name="com.example.animaux.rankings"
63-->src\main\AndroidManifest.xml:50:19-43
64            android:exported="true"
64-->src\main\AndroidManifest.xml:51:13-36
65            android:screenOrientation="portrait" />
65-->src\main\AndroidManifest.xml:52:13-49
66        <activity
66-->src\main\AndroidManifest.xml:53:9-55:51
67            android:name="com.example.animaux.my_statistics"
67-->src\main\AndroidManifest.xml:53:19-48
68            android:exported="true"
68-->src\main\AndroidManifest.xml:54:13-36
69            android:screenOrientation="portrait" />
69-->src\main\AndroidManifest.xml:55:13-49
70        <activity
70-->src\main\AndroidManifest.xml:56:9-58:51
71            android:name="com.example.animaux.vita_explorandum"
71-->src\main\AndroidManifest.xml:56:19-51
72            android:exported="true"
72-->src\main\AndroidManifest.xml:57:13-36
73            android:screenOrientation="portrait" />
73-->src\main\AndroidManifest.xml:58:13-49
74        <activity
74-->src\main\AndroidManifest.xml:59:9-61:51
75            android:name="com.example.animaux.change_password"
75-->src\main\AndroidManifest.xml:59:19-50
76            android:exported="true"
76-->src\main\AndroidManifest.xml:60:13-36
77            android:screenOrientation="portrait" />
77-->src\main\AndroidManifest.xml:61:13-49
78        <activity
78-->src\main\AndroidManifest.xml:63:9-65:51
79            android:name="com.example.animaux.warning"
79-->src\main\AndroidManifest.xml:63:19-42
80            android:exported="true"
80-->src\main\AndroidManifest.xml:64:13-36
81            android:screenOrientation="portrait" />
81-->src\main\AndroidManifest.xml:65:13-49
82        <activity
82-->src\main\AndroidManifest.xml:67:9-68:53
83            android:name="com.theartofdev.edmodo.cropper.CropImageActivity"
83-->src\main\AndroidManifest.xml:67:19-82
84            android:theme="@style/Theme.AppCompat" />
84-->src\main\AndroidManifest.xml:68:13-51
85
86        <provider
86-->[androidx.camera:camera-camera2:1.0.0-alpha05] AndroidManifest.xml:25:9-30:43
87            android:name="androidx.camera.camera2.impl.Camera2Initializer"
87-->[androidx.camera:camera-camera2:1.0.0-alpha05] AndroidManifest.xml:26:13-75
88            android:authorities="com.example.animaux.camerax-init"
88-->[androidx.camera:camera-camera2:1.0.0-alpha05] AndroidManifest.xml:27:13-64
89            android:exported="false"
89-->[androidx.camera:camera-camera2:1.0.0-alpha05] AndroidManifest.xml:28:13-37
90            android:initOrder="100"
90-->[androidx.camera:camera-camera2:1.0.0-alpha05] AndroidManifest.xml:29:13-36
91            android:multiprocess="true" />
91-->[androidx.camera:camera-camera2:1.0.0-alpha05] AndroidManifest.xml:30:13-40
92    </application>
93
94</manifest>